<?xml version="1.0" encoding="UTF-8"?>
<!-- Generated by org.testng.reporters.JUnitReportReporter -->
<testsuite skipped="0" hostname="SAs-MacBook-Air.local" name="com.qa.hotels.tests.Case2Test" tests="3" failures="0" timestamp="2020-08-03T01:45:03 EDT" time="86.764" errors="0">
  <testcase name="verifyIsHiltonThree" time="85.119" classname="com.qa.hotels.tests.Case2Test"/>
  <system-out/>
  <testcase name="verifyGetPPageTitle" time="0.025" classname="com.qa.hotels.tests.Case2Test"/>
  <system-out/>
  <testcase name="verifyGetPageHeader" time="1.620" classname="com.qa.hotels.tests.Case2Test"/>
  <system-out/>
</testsuite> <!-- com.qa.hotels.tests.Case2Test -->
