<?xml version="1.0" encoding="UTF-8"?>
<!-- Generated by org.testng.reporters.JUnitReportReporter -->
<testsuite skipped="0" hostname="SAs-MacBook-Air.local" name="com.qa.hotels.tests.Star5Test" tests="1" failures="0" timestamp="2020-08-03T01:45:03 EDT" time="7.724" errors="0">
  <testcase name="verifyIsFive" time="7.724" classname="com.qa.hotels.tests.Star5Test"/>
  <system-out/>
</testsuite> <!-- com.qa.hotels.tests.Star5Test -->
