<?xml version="1.0" encoding="UTF-8"?>
<!-- Generated by org.testng.reporters.JUnitReportReporter -->
<testsuite skipped="0" hostname="SAs-MacBook-Air.local" name="Case1Test" tests="3" failures="0" timestamp="2020-07-31T20:10:44 EDT" time="61.053" errors="0">
  <testcase name="verifyPageTitleTest" time="16.769" classname="Case1Test"/>
  <system-out/>
  <testcase name="verifyGetPageHeader" time="12.255" classname="Case1Test"/>
  <system-out/>
  <testcase name="verifySelectRequeriments" time="32.029" classname="Case1Test"/>
  <system-out/>
</testsuite> <!-- Case1Test -->
