<?xml version="1.0" encoding="UTF-8"?>
<!-- Generated by org.testng.reporters.JUnitReportReporter -->
<testsuite skipped="0" hostname="SAs-MacBook-Air.local" name="com.qa.hotels.tests.Case1Test" tests="3" failures="0" timestamp="2020-08-03T01:45:03 EDT" time="30.388" errors="0">
  <testcase name="verifyPageTitleTest" time="3.504" classname="com.qa.hotels.tests.Case1Test"/>
  <system-out/>
  <testcase name="verifyGetPageHeader" time="1.946" classname="com.qa.hotels.tests.Case1Test"/>
  <system-out/>
  <testcase name="verifySelectRequeriments" time="24.938" classname="com.qa.hotels.tests.Case1Test"/>
  <system-out/>
</testsuite> <!-- com.qa.hotels.tests.Case1Test -->
